<?xml version="1.0" encoding="UTF-8"?>
<!-- Generated by org.testng.reporters.JUnitReportReporter -->
<testsuite hostname="HDEV01W11099" failures="0" tests="1" name="CarRentalMain" time="3.453" errors="0" timestamp="2024-06-03T11:48:13 IDT" skipped="0">
  <testcase classname="CarRentalMain" name="EldanCarRentalStatus" time="3.453"/>
</testsuite> <!-- CarRentalMain -->
